Flutter crash report.
Please report a bug at https://github.com/flutter/flutter/issues.

## command

flutter build apk

## exception

FileSystemException: FileSystemException: Cannot open file, path = '/Users/joranvancoillie/tools/flutter/version' (OS Error: No such file or directory, errno = 2)

```
#0      _File.throwIfError (dart:io/file_impl.dart:635:7)
#1      _File.openSync (dart:io/file_impl.dart:479:5)
#2      _File.readAsBytesSync (dart:io/file_impl.dart:539:18)
#3      _File.readAsStringSync (dart:io/file_impl.dart:584:18)
#4      ForwardingFile.readAsStringSync (package:file/src/forwarding/forwarding_file.dart:96:16)
#5      ErrorHandlingFile.readAsStringSync.<anonymous closure> (package:flutter_tools/src/base/error_handling_io.dart:221:22)
#6      _runSync (package:flutter_tools/src/base/error_handling_io.dart:566:14)
#7      ErrorHandlingFile.readAsStringSync (package:flutter_tools/src/base/error_handling_io.dart:220:12)
#8      _DefaultPub.get (package:flutter_tools/src/dart/pub.dart:201:58)
#9      FlutterCommand.verifyThenRunCommand (package:flutter_tools/src/runner/flutter_command.dart:1171:17)
<asynchronous suspension>
#10     FlutterCommand.run.<anonymous closure> (package:flutter_tools/src/runner/flutter_command.dart:1044:27)
<asynchronous suspension>
#11     AppContext.run.<anonymous closure> (package:flutter_tools/src/base/context.dart:150:19)
<asynchronous suspension>
#12     CommandRunner.runCommand (package:args/command_runner.dart:196:13)
<asynchronous suspension>
#13     FlutterCommandRunner.runCommand.<anonymous closure> (package:flutter_tools/src/runner/flutter_command_runner.dart:287:9)
<asynchronous suspension>
#14     AppContext.run.<anonymous closure> (package:flutter_tools/src/base/context.dart:150:19)
<asynchronous suspension>
#15     FlutterCommandRunner.runCommand (package:flutter_tools/src/runner/flutter_command_runner.dart:238:5)
<asynchronous suspension>
#16     run.<anonymous closure>.<anonymous closure> (package:flutter_tools/runner.dart:62:9)
<asynchronous suspension>
#17     AppContext.run.<anonymous closure> (package:flutter_tools/src/base/context.dart:150:19)
<asynchronous suspension>
#18     main (package:flutter_tools/executable.dart:91:3)
<asynchronous suspension>
```

## flutter doctor

```
[✓] Flutter (Channel master, 2.1.0-13.0.pre.287, on macOS 11.2.3 20D91
    darwin-arm, locale en-BE)
    • Flutter version 2.1.0-13.0.pre.287 at /Users/joranvancoillie/tools/flutter
    • Framework revision bc2c7954db (9 hours ago), 2021-03-31 13:29:03 +0800
    • Engine revision dbcbf69a57
    • Dart version 2.13.0 (build 2.13.0-162.0.dev)

[!] Android toolchain - develop for Android devices (Android SDK version 30.0.3)
    • Android SDK at /Users/joranvancoillie/Library/Android/sdk
    • Platform android-30, build-tools 30.0.3
    • Java binary at: /Applications/Android
      Studio.app/Contents/jre/jdk/Contents/Home/bin/java
    ✗ Could not determine java version

[!] Xcode - develop for iOS and macOS
    • Xcode at 1
    • Xcode 12.4, Build version 12D4e
    ✗ Xcode requires additional components to be installed in order to run.
      Launch Xcode and install additional required components when prompted or
      run:
        sudo xcodebuild -runFirstLaunch
    ✗ CocoaPods not installed.
        CocoaPods is used to retrieve the iOS and macOS platform side's plugin
        code that responds to your plugin usage on the Dart side.
        Without CocoaPods, plugins will not work on iOS or macOS.
        For more info, see https://flutter.dev/platform-plugins
      To install see
      https://guides.cocoapods.org/using/getting-started.html#installation for
      instructions.

[✓] Chrome - develop for the web
    • Chrome at /Applications/Google Chrome.app/Contents/MacOS/Google Chrome

[✓] Android Studio (version 4.1)
    • Android Studio at /Applications/Android Studio.app/Contents
    • Flutter plugin can be installed from:
      🔨 https://plugins.jetbrains.com/plugin/9212-flutter
    • Dart plugin can be installed from:
      🔨 https://plugins.jetbrains.com/plugin/6351-dart
    • Java version OpenJDK Runtime Environment (build
      1.8.0_242-release-1644-b3-6915495)

[✓] VS Code (version 1.54.3)
    • VS Code at /Applications/Visual Studio Code.app/Contents
    • Flutter extension version 3.20.0

[☠] Connected device (the doctor check crashed)
    ✗ Due to an error, the doctor check did not complete. If the error message
      below is not helpful, please let us know about this issue at
      https://github.com/flutter/flutter/issues.
    ✗ Exception: Unable to run "adb", check your Android SDK installation and
      ANDROID_SDK_ROOT environment variable:
      /Users/joranvancoillie/Library/Android/sdk/platform-tools/adb
    • #0      throwToolExit (package:flutter_tools/src/base/common.dart:10:3)
      #1      AndroidDevices.pollingGetDevices
      (package:flutter_tools/src/android/android_device_discovery.dart:78:7)
      <asynchronous suspension>
      #2      PollingDeviceDiscovery._populateDevices
      (package:flutter_tools/src/device.dart:515:54)
      <asynchronous suspension>
      #3      Future.wait.<anonymous closure> (dart:async/future.dart)
      <asynchronous suspension>
      #4      DeviceManager.getAllConnectedDevices
      (package:flutter_tools/src/device.dart:186:40)
      <asynchronous suspension>
      #5      DeviceValidator.validate
      (package:flutter_tools/src/doctor.dart:801:34)
      <asynchronous suspension>
      #6      asyncGuard.<anonymous closure>
      (package:flutter_tools/src/base/async_guard.dart:111:24)
      <asynchronous suspension>


! Doctor found issues in 3 categories.
```
